<?xml version="1.0" encoding="UTF-8"?>
<testsuite xmlns:xsi="http://www.w3.org/2001/XMLSchema-instance" xsi:noNamespaceSchemaLocation="https://maven.apache.org/surefire/maven-surefire-plugin/xsd/surefire-test-report-3.0.xsd" version="3.0" name="TestSuite" time="3.63" tests="12" errors="0" skipped="0" failures="0">
  <properties>
    <property name="sun.desktop" value="gnome"/>
    <property name="awt.toolkit" value="sun.awt.X11.XToolkit"/>
    <property name="file.encoding.pkg" value="sun.io"/>
    <property name="java.specification.version" value="1.8"/>
    <property name="sun.cpu.isalist" value=""/>
    <property name="sun.jnu.encoding" value="UTF-8"/>
    <property name="java.class.path" value="/home/likhithanr/N26/N26/Likhitha-NR/target/test-classes:/home/likhithanr/N26/N26/Likhitha-NR/target/classes:/home/likhithanr/.m2/repository/org/testng/testng/7.0.0/testng-7.0.0.jar:/home/likhithanr/.m2/repository/com/beust/jcommander/1.72/jcommander-1.72.jar:/home/likhithanr/.m2/repository/io/rest-assured/rest-assured/4.4.0/rest-assured-4.4.0.jar:/home/likhithanr/.m2/repository/org/codehaus/groovy/groovy/3.0.8/groovy-3.0.8.jar:/home/likhithanr/.m2/repository/org/codehaus/groovy/groovy-xml/3.0.8/groovy-xml-3.0.8.jar:/home/likhithanr/.m2/repository/org/apache/httpcomponents/httpclient/4.5.13/httpclient-4.5.13.jar:/home/likhithanr/.m2/repository/org/apache/httpcomponents/httpcore/4.4.13/httpcore-4.4.13.jar:/home/likhithanr/.m2/repository/commons-logging/commons-logging/1.2/commons-logging-1.2.jar:/home/likhithanr/.m2/repository/org/apache/httpcomponents/httpmime/4.5.13/httpmime-4.5.13.jar:/home/likhithanr/.m2/repository/org/hamcrest/hamcrest/2.1/hamcrest-2.1.jar:/home/likhithanr/.m2/repository/org/ccil/cowan/tagsoup/tagsoup/1.2.1/tagsoup-1.2.1.jar:/home/likhithanr/.m2/repository/io/rest-assured/json-path/4.4.0/json-path-4.4.0.jar:/home/likhithanr/.m2/repository/org/codehaus/groovy/groovy-json/3.0.8/groovy-json-3.0.8.jar:/home/likhithanr/.m2/repository/io/rest-assured/rest-assured-common/4.4.0/rest-assured-common-4.4.0.jar:/home/likhithanr/.m2/repository/io/rest-assured/xml-path/4.4.0/xml-path-4.4.0.jar:/home/likhithanr/.m2/repository/org/apache/commons/commons-lang3/3.11/commons-lang3-3.11.jar:/home/likhithanr/.m2/repository/jakarta/xml/bind/jakarta.xml.bind-api/2.3.3/jakarta.xml.bind-api-2.3.3.jar:/home/likhithanr/.m2/repository/jakarta/activation/jakarta.activation-api/1.2.2/jakarta.activation-api-1.2.2.jar:/home/likhithanr/.m2/repository/com/sun/xml/bind/jaxb-impl/2.3.3/jaxb-impl-2.3.3.jar:/home/likhithanr/.m2/repository/org/apache/poi/poi/5.0.0/poi-5.0.0.jar:/home/likhithanr/.m2/repository/org/slf4j/jcl-over-slf4j/1.7.30/jcl-over-slf4j-1.7.30.jar:/home/likhithanr/.m2/repository/commons-codec/commons-codec/1.15/commons-codec-1.15.jar:/home/likhithanr/.m2/repository/org/apache/commons/commons-collections4/4.4/commons-collections4-4.4.jar:/home/likhithanr/.m2/repository/org/apache/commons/commons-math3/3.6.1/commons-math3-3.6.1.jar:/home/likhithanr/.m2/repository/com/zaxxer/SparseBitSet/1.2/SparseBitSet-1.2.jar:/home/likhithanr/.m2/repository/org/apache/poi/poi-ooxml/5.0.0/poi-ooxml-5.0.0.jar:/home/likhithanr/.m2/repository/org/apache/poi/poi-ooxml-lite/5.0.0/poi-ooxml-lite-5.0.0.jar:/home/likhithanr/.m2/repository/org/apache/xmlbeans/xmlbeans/4.0.0/xmlbeans-4.0.0.jar:/home/likhithanr/.m2/repository/xml-apis/xml-apis/1.4.01/xml-apis-1.4.01.jar:/home/likhithanr/.m2/repository/org/apache/commons/commons-compress/1.20/commons-compress-1.20.jar:/home/likhithanr/.m2/repository/com/github/virtuald/curvesapi/1.06/curvesapi-1.06.jar:/home/likhithanr/.m2/repository/org/bouncycastle/bcpkix-jdk15on/1.68/bcpkix-jdk15on-1.68.jar:/home/likhithanr/.m2/repository/org/bouncycastle/bcprov-jdk15on/1.68/bcprov-jdk15on-1.68.jar:/home/likhithanr/.m2/repository/org/apache/santuario/xmlsec/2.2.1/xmlsec-2.2.1.jar:/home/likhithanr/.m2/repository/com/fasterxml/woodstox/woodstox-core/5.2.1/woodstox-core-5.2.1.jar:/home/likhithanr/.m2/repository/org/codehaus/woodstox/stax2-api/4.2/stax2-api-4.2.jar:/home/likhithanr/.m2/repository/org/apache/xmlgraphics/batik-all/1.13/batik-all-1.13.jar:/home/likhithanr/.m2/repository/org/apache/xmlgraphics/batik-anim/1.13/batik-anim-1.13.jar:/home/likhithanr/.m2/repository/org/apache/xmlgraphics/batik-shared-resources/1.13/batik-shared-resources-1.13.jar:/home/likhithanr/.m2/repository/xml-apis/xml-apis-ext/1.3.04/xml-apis-ext-1.3.04.jar:/home/likhithanr/.m2/repository/org/apache/xmlgraphics/batik-awt-util/1.13/batik-awt-util-1.13.jar:/home/likhithanr/.m2/repository/org/apache/xmlgraphics/xmlgraphics-commons/2.4/xmlgraphics-commons-2.4.jar:/home/likhithanr/.m2/repository/commons-io/commons-io/1.3.1/commons-io-1.3.1.jar:/home/likhithanr/.m2/repository/org/apache/xmlgraphics/batik-bridge/1.13/batik-bridge-1.13.jar:/home/likhithanr/.m2/repository/org/apache/xmlgraphics/batik-codec/1.13/batik-codec-1.13.jar:/home/likhithanr/.m2/repository/org/apache/xmlgraphics/batik-constants/1.13/batik-constants-1.13.jar:/home/likhithanr/.m2/repository/org/apache/xmlgraphics/batik-css/1.13/batik-css-1.13.jar:/home/likhithanr/.m2/repository/org/apache/xmlgraphics/batik-dom/1.13/batik-dom-1.13.jar:/home/likhithanr/.m2/repository/xalan/xalan/2.7.2/xalan-2.7.2.jar:/home/likhithanr/.m2/repository/xalan/serializer/2.7.2/serializer-2.7.2.jar:/home/likhithanr/.m2/repository/org/apache/xmlgraphics/batik-ext/1.13/batik-ext-1.13.jar:/home/likhithanr/.m2/repository/org/apache/xmlgraphics/batik-extension/1.13/batik-extension-1.13.jar:/home/likhithanr/.m2/repository/org/apache/xmlgraphics/batik-gui-util/1.13/batik-gui-util-1.13.jar:/home/likhithanr/.m2/repository/org/apache/xmlgraphics/batik-gvt/1.13/batik-gvt-1.13.jar:/home/likhithanr/.m2/repository/org/apache/xmlgraphics/batik-i18n/1.13/batik-i18n-1.13.jar:/home/likhithanr/.m2/repository/org/apache/xmlgraphics/batik-parser/1.13/batik-parser-1.13.jar:/home/likhithanr/.m2/repository/org/apache/xmlgraphics/batik-rasterizer-ext/1.13/batik-rasterizer-ext-1.13.jar:/home/likhithanr/.m2/repository/org/apache/xmlgraphics/batik-rasterizer/1.13/batik-rasterizer-1.13.jar:/home/likhithanr/.m2/repository/org/apache/xmlgraphics/batik-script/1.13/batik-script-1.13.jar:/home/likhithanr/.m2/repository/org/apache/xmlgraphics/batik-slideshow/1.13/batik-slideshow-1.13.jar:/home/likhithanr/.m2/repository/org/apache/xmlgraphics/batik-squiggle-ext/1.13/batik-squiggle-ext-1.13.jar:/home/likhithanr/.m2/repository/org/apache/xmlgraphics/batik-squiggle/1.13/batik-squiggle-1.13.jar:/home/likhithanr/.m2/repository/org/apache/xmlgraphics/batik-svg-dom/1.13/batik-svg-dom-1.13.jar:/home/likhithanr/.m2/repository/org/apache/xmlgraphics/batik-svgbrowser/1.13/batik-svgbrowser-1.13.jar:/home/likhithanr/.m2/repository/org/apache/xmlgraphics/batik-svggen/1.13/batik-svggen-1.13.jar:/home/likhithanr/.m2/repository/org/apache/xmlgraphics/batik-svgpp/1.13/batik-svgpp-1.13.jar:/home/likhithanr/.m2/repository/org/apache/xmlgraphics/batik-svgrasterizer/1.13/batik-svgrasterizer-1.13.jar:/home/likhithanr/.m2/repository/org/apache/xmlgraphics/batik-swing/1.13/batik-swing-1.13.jar:/home/likhithanr/.m2/repository/org/apache/xmlgraphics/batik-transcoder/1.13/batik-transcoder-1.13.jar:/home/likhithanr/.m2/repository/org/apache/xmlgraphics/batik-util/1.13/batik-util-1.13.jar:/home/likhithanr/.m2/repository/org/apache/xmlgraphics/batik-ttf2svg/1.13/batik-ttf2svg-1.13.jar:/home/likhithanr/.m2/repository/org/apache/xmlgraphics/batik-xml/1.13/batik-xml-1.13.jar:/home/likhithanr/.m2/repository/de/rototor/pdfbox/graphics2d/0.30/graphics2d-0.30.jar:/home/likhithanr/.m2/repository/org/apache/pdfbox/pdfbox/2.0.22/pdfbox-2.0.22.jar:/home/likhithanr/.m2/repository/org/apache/pdfbox/fontbox/2.0.22/fontbox-2.0.22.jar:/home/likhithanr/.m2/repository/com/googlecode/json-simple/json-simple/1.1/json-simple-1.1.jar:/home/likhithanr/.m2/repository/org/json/json/20211205/json-20211205.jar:/home/likhithanr/.m2/repository/org/apache/logging/log4j/log4j-api/2.17.2/log4j-api-2.17.2.jar:/home/likhithanr/.m2/repository/org/apache/logging/log4j/log4j-core/2.17.2/log4j-core-2.17.2.jar:/home/likhithanr/.m2/repository/org/slf4j/slf4j-api/1.7.30/slf4j-api-1.7.30.jar:/home/likhithanr/.m2/repository/org/apache/logging/log4j/log4j-1.2-api/2.11.0/log4j-1.2-api-2.11.0.jar:/home/likhithanr/.m2/repository/com/aventstack/extentreports/5.0.7/extentreports-5.0.7.jar:/home/likhithanr/.m2/repository/io/reactivex/rxjava3/rxjava/3.0.4/rxjava-3.0.4.jar:/home/likhithanr/.m2/repository/org/reactivestreams/reactive-streams/1.0.3/reactive-streams-1.0.3.jar:/home/likhithanr/.m2/repository/org/freemarker/freemarker/2.3.30/freemarker-2.3.30.jar:/home/likhithanr/.m2/repository/org/projectlombok/lombok/1.18.12/lombok-1.18.12.jar:/home/likhithanr/.m2/repository/com/google/code/gson/gson/2.8.6/gson-2.8.6.jar:"/>
    <property name="java.vm.vendor" value="Private Build"/>
    <property name="sun.arch.data.model" value="64"/>
    <property name="java.vendor.url" value="http://java.oracle.com/"/>
    <property name="user.timezone" value="Asia/Kolkata"/>
    <property name="java.vm.specification.version" value="1.8"/>
    <property name="os.name" value="Linux"/>
    <property name="user.country" value="GB"/>
    <property name="sun.java.launcher" value="SUN_STANDARD"/>
    <property name="sun.boot.library.path" value="/usr/lib/jvm/java-8-openjdk-amd64/jre/lib/amd64"/>
    <property name="sun.java.command" value="/home/likhithanr/N26/N26/Likhitha-NR/target/surefire/surefirebooter3692900112966111173.jar /home/likhithanr/N26/N26/Likhitha-NR/target/surefire 2022-06-17T18-31-50_166-jvmRun1 surefire152290672942418387tmp surefire_03532245574207814500tmp"/>
    <property name="surefire.test.class.path" value="/home/likhithanr/N26/N26/Likhitha-NR/target/test-classes:/home/likhithanr/N26/N26/Likhitha-NR/target/classes:/home/likhithanr/.m2/repository/org/testng/testng/7.0.0/testng-7.0.0.jar:/home/likhithanr/.m2/repository/com/beust/jcommander/1.72/jcommander-1.72.jar:/home/likhithanr/.m2/repository/io/rest-assured/rest-assured/4.4.0/rest-assured-4.4.0.jar:/home/likhithanr/.m2/repository/org/codehaus/groovy/groovy/3.0.8/groovy-3.0.8.jar:/home/likhithanr/.m2/repository/org/codehaus/groovy/groovy-xml/3.0.8/groovy-xml-3.0.8.jar:/home/likhithanr/.m2/repository/org/apache/httpcomponents/httpclient/4.5.13/httpclient-4.5.13.jar:/home/likhithanr/.m2/repository/org/apache/httpcomponents/httpcore/4.4.13/httpcore-4.4.13.jar:/home/likhithanr/.m2/repository/commons-logging/commons-logging/1.2/commons-logging-1.2.jar:/home/likhithanr/.m2/repository/org/apache/httpcomponents/httpmime/4.5.13/httpmime-4.5.13.jar:/home/likhithanr/.m2/repository/org/hamcrest/hamcrest/2.1/hamcrest-2.1.jar:/home/likhithanr/.m2/repository/org/ccil/cowan/tagsoup/tagsoup/1.2.1/tagsoup-1.2.1.jar:/home/likhithanr/.m2/repository/io/rest-assured/json-path/4.4.0/json-path-4.4.0.jar:/home/likhithanr/.m2/repository/org/codehaus/groovy/groovy-json/3.0.8/groovy-json-3.0.8.jar:/home/likhithanr/.m2/repository/io/rest-assured/rest-assured-common/4.4.0/rest-assured-common-4.4.0.jar:/home/likhithanr/.m2/repository/io/rest-assured/xml-path/4.4.0/xml-path-4.4.0.jar:/home/likhithanr/.m2/repository/org/apache/commons/commons-lang3/3.11/commons-lang3-3.11.jar:/home/likhithanr/.m2/repository/jakarta/xml/bind/jakarta.xml.bind-api/2.3.3/jakarta.xml.bind-api-2.3.3.jar:/home/likhithanr/.m2/repository/jakarta/activation/jakarta.activation-api/1.2.2/jakarta.activation-api-1.2.2.jar:/home/likhithanr/.m2/repository/com/sun/xml/bind/jaxb-impl/2.3.3/jaxb-impl-2.3.3.jar:/home/likhithanr/.m2/repository/org/apache/poi/poi/5.0.0/poi-5.0.0.jar:/home/likhithanr/.m2/repository/org/slf4j/jcl-over-slf4j/1.7.30/jcl-over-slf4j-1.7.30.jar:/home/likhithanr/.m2/repository/commons-codec/commons-codec/1.15/commons-codec-1.15.jar:/home/likhithanr/.m2/repository/org/apache/commons/commons-collections4/4.4/commons-collections4-4.4.jar:/home/likhithanr/.m2/repository/org/apache/commons/commons-math3/3.6.1/commons-math3-3.6.1.jar:/home/likhithanr/.m2/repository/com/zaxxer/SparseBitSet/1.2/SparseBitSet-1.2.jar:/home/likhithanr/.m2/repository/org/apache/poi/poi-ooxml/5.0.0/poi-ooxml-5.0.0.jar:/home/likhithanr/.m2/repository/org/apache/poi/poi-ooxml-lite/5.0.0/poi-ooxml-lite-5.0.0.jar:/home/likhithanr/.m2/repository/org/apache/xmlbeans/xmlbeans/4.0.0/xmlbeans-4.0.0.jar:/home/likhithanr/.m2/repository/xml-apis/xml-apis/1.4.01/xml-apis-1.4.01.jar:/home/likhithanr/.m2/repository/org/apache/commons/commons-compress/1.20/commons-compress-1.20.jar:/home/likhithanr/.m2/repository/com/github/virtuald/curvesapi/1.06/curvesapi-1.06.jar:/home/likhithanr/.m2/repository/org/bouncycastle/bcpkix-jdk15on/1.68/bcpkix-jdk15on-1.68.jar:/home/likhithanr/.m2/repository/org/bouncycastle/bcprov-jdk15on/1.68/bcprov-jdk15on-1.68.jar:/home/likhithanr/.m2/repository/org/apache/santuario/xmlsec/2.2.1/xmlsec-2.2.1.jar:/home/likhithanr/.m2/repository/com/fasterxml/woodstox/woodstox-core/5.2.1/woodstox-core-5.2.1.jar:/home/likhithanr/.m2/repository/org/codehaus/woodstox/stax2-api/4.2/stax2-api-4.2.jar:/home/likhithanr/.m2/repository/org/apache/xmlgraphics/batik-all/1.13/batik-all-1.13.jar:/home/likhithanr/.m2/repository/org/apache/xmlgraphics/batik-anim/1.13/batik-anim-1.13.jar:/home/likhithanr/.m2/repository/org/apache/xmlgraphics/batik-shared-resources/1.13/batik-shared-resources-1.13.jar:/home/likhithanr/.m2/repository/xml-apis/xml-apis-ext/1.3.04/xml-apis-ext-1.3.04.jar:/home/likhithanr/.m2/repository/org/apache/xmlgraphics/batik-awt-util/1.13/batik-awt-util-1.13.jar:/home/likhithanr/.m2/repository/org/apache/xmlgraphics/xmlgraphics-commons/2.4/xmlgraphics-commons-2.4.jar:/home/likhithanr/.m2/repository/commons-io/commons-io/1.3.1/commons-io-1.3.1.jar:/home/likhithanr/.m2/repository/org/apache/xmlgraphics/batik-bridge/1.13/batik-bridge-1.13.jar:/home/likhithanr/.m2/repository/org/apache/xmlgraphics/batik-codec/1.13/batik-codec-1.13.jar:/home/likhithanr/.m2/repository/org/apache/xmlgraphics/batik-constants/1.13/batik-constants-1.13.jar:/home/likhithanr/.m2/repository/org/apache/xmlgraphics/batik-css/1.13/batik-css-1.13.jar:/home/likhithanr/.m2/repository/org/apache/xmlgraphics/batik-dom/1.13/batik-dom-1.13.jar:/home/likhithanr/.m2/repository/xalan/xalan/2.7.2/xalan-2.7.2.jar:/home/likhithanr/.m2/repository/xalan/serializer/2.7.2/serializer-2.7.2.jar:/home/likhithanr/.m2/repository/org/apache/xmlgraphics/batik-ext/1.13/batik-ext-1.13.jar:/home/likhithanr/.m2/repository/org/apache/xmlgraphics/batik-extension/1.13/batik-extension-1.13.jar:/home/likhithanr/.m2/repository/org/apache/xmlgraphics/batik-gui-util/1.13/batik-gui-util-1.13.jar:/home/likhithanr/.m2/repository/org/apache/xmlgraphics/batik-gvt/1.13/batik-gvt-1.13.jar:/home/likhithanr/.m2/repository/org/apache/xmlgraphics/batik-i18n/1.13/batik-i18n-1.13.jar:/home/likhithanr/.m2/repository/org/apache/xmlgraphics/batik-parser/1.13/batik-parser-1.13.jar:/home/likhithanr/.m2/repository/org/apache/xmlgraphics/batik-rasterizer-ext/1.13/batik-rasterizer-ext-1.13.jar:/home/likhithanr/.m2/repository/org/apache/xmlgraphics/batik-rasterizer/1.13/batik-rasterizer-1.13.jar:/home/likhithanr/.m2/repository/org/apache/xmlgraphics/batik-script/1.13/batik-script-1.13.jar:/home/likhithanr/.m2/repository/org/apache/xmlgraphics/batik-slideshow/1.13/batik-slideshow-1.13.jar:/home/likhithanr/.m2/repository/org/apache/xmlgraphics/batik-squiggle-ext/1.13/batik-squiggle-ext-1.13.jar:/home/likhithanr/.m2/repository/org/apache/xmlgraphics/batik-squiggle/1.13/batik-squiggle-1.13.jar:/home/likhithanr/.m2/repository/org/apache/xmlgraphics/batik-svg-dom/1.13/batik-svg-dom-1.13.jar:/home/likhithanr/.m2/repository/org/apache/xmlgraphics/batik-svgbrowser/1.13/batik-svgbrowser-1.13.jar:/home/likhithanr/.m2/repository/org/apache/xmlgraphics/batik-svggen/1.13/batik-svggen-1.13.jar:/home/likhithanr/.m2/repository/org/apache/xmlgraphics/batik-svgpp/1.13/batik-svgpp-1.13.jar:/home/likhithanr/.m2/repository/org/apache/xmlgraphics/batik-svgrasterizer/1.13/batik-svgrasterizer-1.13.jar:/home/likhithanr/.m2/repository/org/apache/xmlgraphics/batik-swing/1.13/batik-swing-1.13.jar:/home/likhithanr/.m2/repository/org/apache/xmlgraphics/batik-transcoder/1.13/batik-transcoder-1.13.jar:/home/likhithanr/.m2/repository/org/apache/xmlgraphics/batik-util/1.13/batik-util-1.13.jar:/home/likhithanr/.m2/repository/org/apache/xmlgraphics/batik-ttf2svg/1.13/batik-ttf2svg-1.13.jar:/home/likhithanr/.m2/repository/org/apache/xmlgraphics/batik-xml/1.13/batik-xml-1.13.jar:/home/likhithanr/.m2/repository/de/rototor/pdfbox/graphics2d/0.30/graphics2d-0.30.jar:/home/likhithanr/.m2/repository/org/apache/pdfbox/pdfbox/2.0.22/pdfbox-2.0.22.jar:/home/likhithanr/.m2/repository/org/apache/pdfbox/fontbox/2.0.22/fontbox-2.0.22.jar:/home/likhithanr/.m2/repository/com/googlecode/json-simple/json-simple/1.1/json-simple-1.1.jar:/home/likhithanr/.m2/repository/org/json/json/20211205/json-20211205.jar:/home/likhithanr/.m2/repository/org/apache/logging/log4j/log4j-api/2.17.2/log4j-api-2.17.2.jar:/home/likhithanr/.m2/repository/org/apache/logging/log4j/log4j-core/2.17.2/log4j-core-2.17.2.jar:/home/likhithanr/.m2/repository/org/slf4j/slf4j-api/1.7.30/slf4j-api-1.7.30.jar:/home/likhithanr/.m2/repository/org/apache/logging/log4j/log4j-1.2-api/2.11.0/log4j-1.2-api-2.11.0.jar:/home/likhithanr/.m2/repository/com/aventstack/extentreports/5.0.7/extentreports-5.0.7.jar:/home/likhithanr/.m2/repository/io/reactivex/rxjava3/rxjava/3.0.4/rxjava-3.0.4.jar:/home/likhithanr/.m2/repository/org/reactivestreams/reactive-streams/1.0.3/reactive-streams-1.0.3.jar:/home/likhithanr/.m2/repository/org/freemarker/freemarker/2.3.30/freemarker-2.3.30.jar:/home/likhithanr/.m2/repository/org/projectlombok/lombok/1.18.12/lombok-1.18.12.jar:/home/likhithanr/.m2/repository/com/google/code/gson/gson/2.8.6/gson-2.8.6.jar:"/>
    <property name="sun.cpu.endian" value="little"/>
    <property name="user.home" value="/home/likhithanr"/>
    <property name="user.language" value="en"/>
    <property name="java.specification.vendor" value="Oracle Corporation"/>
    <property name="java.home" value="/usr/lib/jvm/java-8-openjdk-amd64/jre"/>
    <property name="basedir" value="/home/likhithanr/N26/N26/Likhitha-NR"/>
    <property name="file.separator" value="/"/>
    <property name="line.separator" value="&#10;"/>
    <property name="java.vm.specification.vendor" value="Oracle Corporation"/>
    <property name="java.specification.name" value="Java Platform API Specification"/>
    <property name="java.awt.graphicsenv" value="sun.awt.X11GraphicsEnvironment"/>
    <property name="surefire.real.class.path" value="/home/likhithanr/N26/N26/Likhitha-NR/target/surefire/surefirebooter3692900112966111173.jar"/>
    <property name="sun.boot.class.path" value="/usr/lib/jvm/java-8-openjdk-amd64/jre/lib/resources.jar:/usr/lib/jvm/java-8-openjdk-amd64/jre/lib/rt.jar:/usr/lib/jvm/java-8-openjdk-amd64/jre/lib/sunrsasign.jar:/usr/lib/jvm/java-8-openjdk-amd64/jre/lib/jsse.jar:/usr/lib/jvm/java-8-openjdk-amd64/jre/lib/jce.jar:/usr/lib/jvm/java-8-openjdk-amd64/jre/lib/charsets.jar:/usr/lib/jvm/java-8-openjdk-amd64/jre/lib/jfr.jar:/usr/lib/jvm/java-8-openjdk-amd64/jre/classes"/>
    <property name="sun.management.compiler" value="HotSpot 64-Bit Tiered Compilers"/>
    <property name="java.runtime.version" value="1.8.0_312-8u312-b07-0ubuntu1~20.04-b07"/>
    <property name="user.name" value="likhithanr"/>
    <property name="path.separator" value=":"/>
    <property name="os.version" value="5.13.0-51-generic"/>
    <property name="java.endorsed.dirs" value="/usr/lib/jvm/java-8-openjdk-amd64/jre/lib/endorsed"/>
    <property name="java.runtime.name" value="OpenJDK Runtime Environment"/>
    <property name="file.encoding" value="UTF-8"/>
    <property name="java.vm.name" value="OpenJDK 64-Bit Server VM"/>
    <property name="localRepository" value="/home/likhithanr/.m2/repository"/>
    <property name="java.vendor.url.bug" value="http://bugreport.sun.com/bugreport/"/>
    <property name="java.io.tmpdir" value="/tmp"/>
    <property name="java.version" value="1.8.0_312"/>
    <property name="user.dir" value="/home/likhithanr/N26/N26/Likhitha-NR"/>
    <property name="os.arch" value="amd64"/>
    <property name="java.vm.specification.name" value="Java Virtual Machine Specification"/>
    <property name="java.awt.printerjob" value="sun.print.PSPrinterJob"/>
    <property name="sun.os.patch.level" value="unknown"/>
    <property name="java.library.path" value="/usr/java/packages/lib/amd64:/usr/lib/x86_64-linux-gnu/jni:/lib/x86_64-linux-gnu:/usr/lib/x86_64-linux-gnu:/usr/lib/jni:/lib:/usr/lib"/>
    <property name="java.vm.info" value="mixed mode"/>
    <property name="java.vendor" value="Private Build"/>
    <property name="java.vm.version" value="25.312-b07"/>
    <property name="java.ext.dirs" value="/usr/lib/jvm/java-8-openjdk-amd64/jre/lib/ext:/usr/java/packages/lib/ext"/>
    <property name="sun.io.unicode.encoding" value="UnicodeLittle"/>
    <property name="java.class.version" value="52.0"/>
  </properties>
  <testcase name="testUpdatePetById" classname="com.n26.functional.pets.UpdatePetById" time="1.211">
    <system-out><![CDATA[2022-06-17 18:31:51,202 main ERROR OnStartupTriggeringPolicy contains an invalid element or attribute "modulate"
[2][&amp#27;[1;34mINFO&amp#27;[m] ["2022-06-17 18:31:51.354"] : &amp#27;[1;34mProject Name        : PetStore&amp#27;[m
[4][&amp#27;[1;34mINFO&amp#27;[m] ["2022-06-17 18:31:51.430"] : &amp#27;[1;34mTest Environment    : http://localhost:8080/api/v3&amp#27;[m
[6][&amp#27;[1;34mINFO&amp#27;[m] ["2022-06-17 18:31:51.430"] : &amp#27;[1;34mExecuted on OS      : Linux&amp#27;[m
[8][&amp#27;[1;34mINFO&amp#27;[m] ["2022-06-17 18:31:51.430"] : &amp#27;[1;34mExecuted By         : likhithanr&amp#27;[m
[10][&amp#27;[1;34mINFO&amp#27;[m] ["2022-06-17 18:31:51.451"] : &amp#27;[1;34m**************Script Update existing pet (PUT) started***********&amp#27;[m
[12][&amp#27;[1;34mINFO&amp#27;[m] ["2022-06-17 18:31:51.452"] : &amp#27;[1;34mSetting up configurations&amp#27;[m
[14][&amp#27;[1;34mINFO&amp#27;[m] ["2022-06-17 18:31:51.841"] : &amp#27;[1;34m***************************Test case started********************&amp#27;[m
[16][&amp#27;[1;34mINFO&amp#27;[m] ["2022-06-17 18:31:51.842"] : &amp#27;[1;34mTestCase 1 : Test case to validate pet updation by Id &amp#27;[m
{"photoUrls":["url1"],"name":"Lab","id":111,"category":{"name":"Dogs","id":1},"tags":[{"name":"tag1","id":1}],"status":"available"}
[18][&amp#27;[1;34mINFO&amp#27;[m] ["2022-06-17 18:31:52.982"] : &amp#27;[1;34mResponse : {"id":111,"category":{"id":1,"name":"Dogs"},"name":"Lab","photoUrls":["url1"],"tags":[{"id":1,"name":"tag1"}],"status":"available"}&amp#27;[m
[20][&amp#27;[1;34mINFO&amp#27;[m] ["2022-06-17 18:31:52.983"] : &amp#27;[1;34mStatus Code : 200&amp#27;[m
[22][&amp#27;[1;34mINFO&amp#27;[m] ["2022-06-17 18:31:53.050"] : &amp#27;[1;34mOld name ---> Beagal and updated name-->: Lab : Pet updated succesfully for the ID : 111&amp#27;[m
[24][&amp#27;[1;34mINFO&amp#27;[m] ["2022-06-17 18:31:53.051"] : &amp#27;[1;34mtestUpdatePetById : PASSED&amp#27;[m
]]></system-out>
    <system-err><![CDATA[SLF4J: Failed to load class "org.slf4j.impl.StaticMDCBinder".
SLF4J: Defaulting to no-operation MDCAdapter implementation.
SLF4J: See http://www.slf4j.org/codes.html#no_static_mdc_binder for further details.
SLF4J: Failed to load class "org.slf4j.impl.StaticLoggerBinder".
SLF4J: Defaulting to no-operation (NOP) logger implementation
SLF4J: See http://www.slf4j.org/codes.html#StaticLoggerBinder for further details.
]]></system-err>
  </testcase>
  <testcase name="testCreatePlacedPetOrder" classname="com.n26.functional.store.CreateOrder" time="0.081">
    <system-out><![CDATA[[26][&amp#27;[1;34mINFO&amp#27;[m] ["2022-06-17 18:31:53.054"] : &amp#27;[1;34m**************Script Create new order (POST)  started***********&amp#27;[m
[28][&amp#27;[1;34mINFO&amp#27;[m] ["2022-06-17 18:31:53.055"] : &amp#27;[1;34mSetting up configurations&amp#27;[m
[30][&amp#27;[1;34mINFO&amp#27;[m] ["2022-06-17 18:31:53.056"] : &amp#27;[1;34m***************************Test case started********************&amp#27;[m
[32][&amp#27;[1;34mINFO&amp#27;[m] ["2022-06-17 18:31:53.056"] : &amp#27;[1;34mTestCase 2 : Test case to validate order creation with placed status &amp#27;[m
[34][&amp#27;[1;34mINFO&amp#27;[m] ["2022-06-17 18:31:53.080"] : &amp#27;[1;34mResponse : {"id":10,"petId":198772,"quantity":7,"shipDate":"2022-06-15T07:32:26.094+00:00","status":"placed","complete":true}&amp#27;[m
[36][&amp#27;[1;34mINFO&amp#27;[m] ["2022-06-17 18:31:53.081"] : &amp#27;[1;34mStatus Code : 200&amp#27;[m
[38][&amp#27;[1;34mINFO&amp#27;[m] ["2022-06-17 18:31:53.107"] : &amp#27;[1;34mOrder created for the pet id : 198772 with status : placed&amp#27;[m
[40][&amp#27;[1;34mINFO&amp#27;[m] ["2022-06-17 18:31:53.136"] : &amp#27;[1;34morder succesfully created with id : 10 and with status as : placed&amp#27;[m
[42][&amp#27;[1;34mINFO&amp#27;[m] ["2022-06-17 18:31:53.137"] : &amp#27;[1;34mtestCreatePlacedPetOrder : PASSED&amp#27;[m
]]></system-out>
  </testcase>
  <testcase name="testDeleteOrderByValidId" classname="com.n26.functional.store.DeleteOrder" time="0.055">
    <system-out><![CDATA[[44][&amp#27;[1;34mINFO&amp#27;[m] ["2022-06-17 18:31:53.138"] : &amp#27;[1;34m**************Script Delete existing order (DELETE)  started***********&amp#27;[m
[46][&amp#27;[1;34mINFO&amp#27;[m] ["2022-06-17 18:31:53.139"] : &amp#27;[1;34mSetting up configurations&amp#27;[m
[48][&amp#27;[1;34mINFO&amp#27;[m] ["2022-06-17 18:31:53.140"] : &amp#27;[1;34m***************************Test case started********************&amp#27;[m
[50][&amp#27;[1;34mINFO&amp#27;[m] ["2022-06-17 18:31:53.141"] : &amp#27;[1;34mTestCase 1 : Test case to validate deleting order from store with valid id &amp#27;[m
[52][&amp#27;[1;34mINFO&amp#27;[m] ["2022-06-17 18:31:53.162"] : &amp#27;[1;34mPet created sucesfully with id : 10&amp#27;[m
[54][&amp#27;[1;34mINFO&amp#27;[m] ["2022-06-17 18:31:53.174"] : &amp#27;[1;34mRetrieved order succesfully for the id : 10&amp#27;[m
[56][&amp#27;[1;34mINFO&amp#27;[m] ["2022-06-17 18:31:53.186"] : &amp#27;[1;34mResponse : &amp#27;[m
[58][&amp#27;[1;34mINFO&amp#27;[m] ["2022-06-17 18:31:53.187"] : &amp#27;[1;34mStatus Code : 200&amp#27;[m
[60][&amp#27;[1;34mINFO&amp#27;[m] ["2022-06-17 18:31:53.187"] : &amp#27;[1;34mOrder deleted succesfully for the id : 10&amp#27;[m
[62][&amp#27;[1;34mINFO&amp#27;[m] ["2022-06-17 18:31:53.196"] : &amp#27;[1;34mOrder does not exist for deleted id :  10 says Order not found&amp#27;[m
[64][&amp#27;[1;34mINFO&amp#27;[m] ["2022-06-17 18:31:53.197"] : &amp#27;[1;34mtestDeleteOrderByValidId : PASSED&amp#27;[m
]]></system-out>
  </testcase>
  <testcase name="testDeletePetByValidId" classname="com.n26.functional.pets.DeletePet" time="0.034">
    <system-out><![CDATA[[66][&amp#27;[1;34mINFO&amp#27;[m] ["2022-06-17 18:31:53.197"] : &amp#27;[1;34m**************Script Delete a pet (DELETE) started***********&amp#27;[m
[68][&amp#27;[1;34mINFO&amp#27;[m] ["2022-06-17 18:31:53.198"] : &amp#27;[1;34mSetting up configurations&amp#27;[m
[70][&amp#27;[1;34mINFO&amp#27;[m] ["2022-06-17 18:31:53.199"] : &amp#27;[1;34m***************************Test case started********************&amp#27;[m
[72][&amp#27;[1;34mINFO&amp#27;[m] ["2022-06-17 18:31:53.199"] : &amp#27;[1;34mTestCase 1 : Test case to validate pet deletion by valid id&amp#27;[m
[74][&amp#27;[1;34mINFO&amp#27;[m] ["2022-06-17 18:31:53.225"] : &amp#27;[1;34mPet delete response : Pet deleted&amp#27;[m
[76][&amp#27;[1;34mINFO&amp#27;[m] ["2022-06-17 18:31:53.232"] : &amp#27;[1;34mGet response for deleted Pet : Pet not found&amp#27;[m
[78][&amp#27;[1;34mINFO&amp#27;[m] ["2022-06-17 18:31:53.233"] : &amp#27;[1;34mtestDeletePetByValidId : PASSED&amp#27;[m
]]></system-out>
  </testcase>
  <testcase name="testGetPetByAvailableStatus" classname="com.n26.functional.pets.FindPetByStatus" time="0.056">
    <system-out><![CDATA[[80][&amp#27;[1;34mINFO&amp#27;[m] ["2022-06-17 18:31:53.234"] : &amp#27;[1;34m**************Script Find pets by status (GET) started***********&amp#27;[m
[82][&amp#27;[1;34mINFO&amp#27;[m] ["2022-06-17 18:31:53.235"] : &amp#27;[1;34mSetting up configurations&amp#27;[m
[84][&amp#27;[1;34mINFO&amp#27;[m] ["2022-06-17 18:31:53.236"] : &amp#27;[1;34m***************************Test case started********************&amp#27;[m
[86][&amp#27;[1;34mINFO&amp#27;[m] ["2022-06-17 18:31:53.236"] : &amp#27;[1;34mTestCase 1 : Test case to retrieve valid Pet by available status&amp#27;[m
[88][&amp#27;[1;34mINFO&amp#27;[m] ["2022-06-17 18:31:53.250"] : &amp#27;[1;34mResponse : [{"id":1,"category":{"id":2,"name":"Cats"},"name":"Cat 1","photoUrls":["url1","url2"],"tags":[{"id":1,"name":"tag1"},{"id":2,"name":"tag2"}],"status":"available"},{"id":2,"category":{"id":2,"name":"Cats"},"name":"Cat 2","photoUrls":["url1","url2"],"tags":[{"id":1,"name":"tag2"},{"id":2,"name":"tag3"}],"status":"available"},{"id":4,"category":{"id":1,"name":"Dogs"},"name":"Dog 1","photoUrls":["url1","url2"],"tags":[{"id":1,"name":"tag1"},{"id":2,"name":"tag2"}],"status":"available"},{"id":7,"category":{"id":4,"name":"Lions"},"name":"Lion 1","photoUrls":["url1","url2"],"tags":[{"id":1,"name":"tag1"},{"id":2,"name":"tag2"}],"status":"available"},{"id":8,"category":{"id":4,"name":"Lions"},"name":"Lion 2","photoUrls":["url1","url2"],"tags":[{"id":1,"name":"tag2"},{"id":2,"name":"tag3"}],"status":"available"},{"id":9,"category":{"id":4,"name":"Lions"},"name":"Lion 3","photoUrls":["url1","url2"],"tags":[{"id":1,"name":"tag3"},{"id":2,"name":"tag4"}],"status":"available"},{"id":10,"category":{"id":1,"name":"Dogs"},"name":"doggie","photoUrls":["string"],"tags":[{"id":0,"name":"string"}],"status":"available"}]&amp#27;[m
[90][&amp#27;[1;34mINFO&amp#27;[m] ["2022-06-17 18:31:53.251"] : &amp#27;[1;34mStatus Code : 200&amp#27;[m
[92][&amp#27;[1;34mINFO&amp#27;[m] ["2022-06-17 18:31:53.291"] : &amp#27;[1;34mPet status : [available, available, available, available, available, available, available]&amp#27;[m
[94][&amp#27;[1;34mINFO&amp#27;[m] ["2022-06-17 18:31:53.292"] : &amp#27;[1;34mtestGetPetByAvailableStatus : PASSED&amp#27;[m
]]></system-out>
  </testcase>
  <testcase name="testDeleteUserWithValidName" classname="com.n26.functional.user.DeleteUser" time="0.041">
    <system-out><![CDATA[[96][&amp#27;[1;34mINFO&amp#27;[m] ["2022-06-17 18:31:53.293"] : &amp#27;[1;34m**************Script Delete existing user (DELETE)  started***********&amp#27;[m
[98][&amp#27;[1;34mINFO&amp#27;[m] ["2022-06-17 18:31:53.293"] : &amp#27;[1;34mSetting up configurations&amp#27;[m
[100][&amp#27;[1;34mINFO&amp#27;[m] ["2022-06-17 18:31:53.600"] : &amp#27;[1;34mUser succesfully logged in&amp#27;[m
[102][&amp#27;[1;34mINFO&amp#27;[m] ["2022-06-17 18:31:53.601"] : &amp#27;[1;34m***************************Test case started********************&amp#27;[m
[104][&amp#27;[1;34mINFO&amp#27;[m] ["2022-06-17 18:31:53.601"] : &amp#27;[1;34mTestCase 1 : Test case to validate  user deletion with valid name&amp#27;[m
[106][&amp#27;[1;34mINFO&amp#27;[m] ["2022-06-17 18:31:53.632"] : &amp#27;[1;34mSuccesfully retrieved user details&amp#27;[m
[108][&amp#27;[1;34mINFO&amp#27;[m] ["2022-06-17 18:31:53.641"] : &amp#27;[1;34mSuccesfully deleted the user with status code : 200&amp#27;[m
[110][&amp#27;[1;34mINFO&amp#27;[m] ["2022-06-17 18:31:53.641"] : &amp#27;[1;34mUser John deleted succesfully with message : &amp#27;[m
[112][&amp#27;[1;34mINFO&amp#27;[m] ["2022-06-17 18:31:53.641"] : &amp#27;[1;34mtestDeleteUserWithValidName : PASSED&amp#27;[m
]]></system-out>
  </testcase>
  <testcase name="testUserLogin" classname="com.n26.functional.user.LoginLogout" time="0.048">
    <system-out><![CDATA[[114][&amp#27;[1;34mINFO&amp#27;[m] ["2022-06-17 18:31:53.642"] : &amp#27;[1;34m**************Script  User login-logout (GET) started***********&amp#27;[m
[116][&amp#27;[1;34mINFO&amp#27;[m] ["2022-06-17 18:31:53.643"] : &amp#27;[1;34mSetting up configurations&amp#27;[m
[118][&amp#27;[1;34mINFO&amp#27;[m] ["2022-06-17 18:31:53.643"] : &amp#27;[1;34m***************************Test case started********************&amp#27;[m
[120][&amp#27;[1;34mINFO&amp#27;[m] ["2022-06-17 18:31:53.643"] : &amp#27;[1;34mTestCase 1 : Test case to Validate user login &amp#27;[m
[122][&amp#27;[1;34mINFO&amp#27;[m] ["2022-06-17 18:31:53.691"] : &amp#27;[1;34mUser succesfully logged in&amp#27;[m
[124][&amp#27;[1;34mINFO&amp#27;[m] ["2022-06-17 18:31:53.691"] : &amp#27;[1;34mResponse : Logged in user session: 6861356887596412928&amp#27;[m
[126][&amp#27;[1;34mINFO&amp#27;[m] ["2022-06-17 18:31:53.691"] : &amp#27;[1;34mStatus Code : 200&amp#27;[m
[128][&amp#27;[1;34mINFO&amp#27;[m] ["2022-06-17 18:31:53.692"] : &amp#27;[1;34mtestUserLogin : PASSED&amp#27;[m
]]></system-out>
  </testcase>
  <testcase name="testUserLogout" classname="com.n26.functional.user.LoginLogout" time="0.008">
    <system-out><![CDATA[[130][&amp#27;[1;34mINFO&amp#27;[m] ["2022-06-17 18:31:53.692"] : &amp#27;[1;34m***************************Test case started********************&amp#27;[m
[132][&amp#27;[1;34mINFO&amp#27;[m] ["2022-06-17 18:31:53.693"] : &amp#27;[1;34mTestCase 4 : Test case to Validate succesfull logout&amp#27;[m
[134][&amp#27;[1;34mINFO&amp#27;[m] ["2022-06-17 18:31:53.699"] : &amp#27;[1;34mUser succesfully logged out&amp#27;[m
[136][&amp#27;[1;34mINFO&amp#27;[m] ["2022-06-17 18:31:53.700"] : &amp#27;[1;34mResponse : User logged out&amp#27;[m
[138][&amp#27;[1;34mINFO&amp#27;[m] ["2022-06-17 18:31:53.700"] : &amp#27;[1;34mStatus Code : 200&amp#27;[m
[140][&amp#27;[1;34mINFO&amp#27;[m] ["2022-06-17 18:31:53.700"] : &amp#27;[1;34mtestUserLogout : PASSED&amp#27;[m
]]></system-out>
  </testcase>
  <testcase name="testUpdateUserWithValidName" classname="com.n26.functional.user.UpdateUser" time="0.078">
    <system-out><![CDATA[[142][&amp#27;[1;34mINFO&amp#27;[m] ["2022-06-17 18:31:53.701"] : &amp#27;[1;34m**************Script Update existing user (PUT) started***********&amp#27;[m
[144][&amp#27;[1;34mINFO&amp#27;[m] ["2022-06-17 18:31:53.701"] : &amp#27;[1;34mSetting up configurations&amp#27;[m
[146][&amp#27;[1;34mINFO&amp#27;[m] ["2022-06-17 18:31:53.729"] : &amp#27;[1;34mUser succesfully logged in&amp#27;[m
[148][&amp#27;[1;34mINFO&amp#27;[m] ["2022-06-17 18:31:53.730"] : &amp#27;[1;34m***************************Test case started********************&amp#27;[m
[150][&amp#27;[1;34mINFO&amp#27;[m] ["2022-06-17 18:31:53.730"] : &amp#27;[1;34mTestCase 1 : Test case to validate update user with valid name&amp#27;[m
[152][&amp#27;[1;34mINFO&amp#27;[m] ["2022-06-17 18:31:53.796"] : &amp#27;[1;34mGet user response : {"id":22,"username":"John","firstName":"Tom","lastName":"bel","email":"tom@gmail.com","password":"test1","phone":"123456789","userStatus":1}&amp#27;[m
[154][&amp#27;[1;34mINFO&amp#27;[m] ["2022-06-17 18:31:53.808"] : &amp#27;[1;34mGet user response : {"id":22,"username":"John","firstName":"Tom","lastName":"bel","email":"tom@gmail.com","password":"test1","phone":"123456789","userStatus":1}&amp#27;[m
[156][&amp#27;[1;34mINFO&amp#27;[m] ["2022-06-17 18:31:53.808"] : &amp#27;[1;34mSuccesfully retrieved user details&amp#27;[m
[158][&amp#27;[1;34mINFO&amp#27;[m] ["2022-06-17 18:31:53.808"] : &amp#27;[1;34mtestUpdateUserWithValidName : PASSED&amp#27;[m
]]></system-out>
  </testcase>
  <testcase name="testMultipleUserCreation" classname="com.n26.functional.user.CreateUser" time="0.05">
    <system-out><![CDATA[[160][&amp#27;[1;34mINFO&amp#27;[m] ["2022-06-17 18:31:53.809"] : &amp#27;[1;34m**************Script Create new user (POST) started***********&amp#27;[m
[162][&amp#27;[1;34mINFO&amp#27;[m] ["2022-06-17 18:31:53.809"] : &amp#27;[1;34mSetting up configurations&amp#27;[m
[164][&amp#27;[1;34mINFO&amp#27;[m] ["2022-06-17 18:31:53.839"] : &amp#27;[1;34mUser succesfully logged in&amp#27;[m
[166][&amp#27;[1;34mINFO&amp#27;[m] ["2022-06-17 18:31:53.840"] : &amp#27;[1;34m***************************Test case started********************&amp#27;[m
[168][&amp#27;[1;34mINFO&amp#27;[m] ["2022-06-17 18:31:53.840"] : &amp#27;[1;34mTestCase 2 : Test case to validate multiple user creation&amp#27;[m
[170][&amp#27;[1;34mINFO&amp#27;[m] ["2022-06-17 18:31:53.889"] : &amp#27;[1;34mCreated list of users  : [{"id":10,"username":"John","firstName":"John","lastName":"James","email":"john@email.com","password":"12345","phone":"12345","userStatus":1},{"id":10,"username":"John","firstName":"John","lastName":"James","email":"john@email.com","password":"12345","phone":"12345","userStatus":1}]&amp#27;[m
[172][&amp#27;[1;34mINFO&amp#27;[m] ["2022-06-17 18:31:53.889"] : &amp#27;[1;34mUser succesfully created with status code : 200&amp#27;[m
[174][&amp#27;[1;34mINFO&amp#27;[m] ["2022-06-17 18:31:53.889"] : &amp#27;[1;34mtestMultipleUserCreation : PASSED&amp#27;[m
]]></system-out>
  </testcase>
  <testcase name="testGetPetByValidTag" classname="com.n26.functional.pets.FindByTags" time="0.074">
    <system-out><![CDATA[[176][&amp#27;[1;34mINFO&amp#27;[m] ["2022-06-17 18:31:53.890"] : &amp#27;[1;34m**************Script Find pets by tags (GET) started***********&amp#27;[m
[178][&amp#27;[1;34mINFO&amp#27;[m] ["2022-06-17 18:31:53.891"] : &amp#27;[1;34mSetting up configurations&amp#27;[m
[180][&amp#27;[1;34mINFO&amp#27;[m] ["2022-06-17 18:31:53.891"] : &amp#27;[1;34m***************************Test case started********************&amp#27;[m
[182][&amp#27;[1;34mINFO&amp#27;[m] ["2022-06-17 18:31:53.891"] : &amp#27;[1;34mTestCase 1 : Test case to retrieve valid Pet by tags&amp#27;[m
[184][&amp#27;[1;34mINFO&amp#27;[m] ["2022-06-17 18:31:53.943"] : &amp#27;[1;34mStatus Code : 200&amp#27;[m
[186][&amp#27;[1;34mINFO&amp#27;[m] ["2022-06-17 18:31:53.954"] : &amp#27;[1;34mPet tags : [[own]]&amp#27;[m
[188][&amp#27;[1;34mINFO&amp#27;[m] ["2022-06-17 18:31:53.965"] : &amp#27;[1;34mExpected filered tags pet are displaying : [{"id":111,"category":{"id":1,"name":"Dogs"},"name":"Beagal","photoUrls":["url1"],"tags":[{"id":111,"name":"own"}],"status":"available"}]&amp#27;[m
[190][&amp#27;[1;34mINFO&amp#27;[m] ["2022-06-17 18:31:53.966"] : &amp#27;[1;34mtestGetPetByValidTag : PASSED&amp#27;[m
]]></system-out>
  </testcase>
  <testcase name="testUpdatePetById" classname="com.n26.functional.pets.UpdatePet" time="0.104">
    <system-out><![CDATA[[192][&amp#27;[1;34mINFO&amp#27;[m] ["2022-06-17 18:31:53.966"] : &amp#27;[1;34m**************Script Update existing pet (POST) started***********&amp#27;[m
[194][&amp#27;[1;34mINFO&amp#27;[m] ["2022-06-17 18:31:53.967"] : &amp#27;[1;34mSetting up configurations&amp#27;[m
[196][&amp#27;[1;34mINFO&amp#27;[m] ["2022-06-17 18:31:53.967"] : &amp#27;[1;34m***************************Test case started********************&amp#27;[m
[198][&amp#27;[1;34mINFO&amp#27;[m] ["2022-06-17 18:31:53.968"] : &amp#27;[1;34mTestCase 1 : Test case to validate updating pet by id with valid name and status&amp#27;[m
[200][&amp#27;[1;34mINFO&amp#27;[m] ["2022-06-17 18:31:53.992"] : &amp#27;[1;34mResponse : {"id":111,"category":{"id":1,"name":"Dogs"},"name":"Retriever","photoUrls":["url1"],"tags":[{"id":1,"name":"tag1"}],"status":"sold"}&amp#27;[m
[202][&amp#27;[1;34mINFO&amp#27;[m] ["2022-06-17 18:31:53.992"] : &amp#27;[1;34mStatus Code : 200&amp#27;[m
[204][&amp#27;[1;34mINFO&amp#27;[m] ["2022-06-17 18:31:54.029"] : &amp#27;[1;34mold pet name Beagal is successfully updated with new name as : Retriever&amp#27;[m
[206][&amp#27;[1;34mINFO&amp#27;[m] ["2022-06-17 18:31:54.041"] : &amp#27;[1;34mold pet status available is successfully updated with new status as : sold&amp#27;[m
[208][&amp#27;[1;34mINFO&amp#27;[m] ["2022-06-17 18:31:54.072"] : &amp#27;[1;34mtestUpdatePetById : PASSED&amp#27;[m
]]></system-out>
  </testcase>
</testsuite>