<?xml version="1.0" encoding="UTF-8"?>
<!-- Generated by org.testng.reporters.JUnitReportReporter -->
<testsuite skipped="0" hostname="9FNHHG3" name="com.n26.functional.pets.UpdatePetById" tests="2" failures="0" timestamp="2022-06-16T13:24:24 IST" time="0.123" errors="0">
  <testcase name="testValidPetUpdateWithNameStatus" time="0.114" classname="com.n26.functional.pets.UpdatePetById"/>
  <testcase name="testInavlidPetUpdate" time="0.009" classname="com.n26.functional.pets.UpdatePetById"/>
</testsuite> <!-- com.n26.functional.pets.UpdatePetById -->
