<?xml version="1.0" encoding="UTF-8"?>
<!-- Generated by org.testng.reporters.JUnitReportReporter -->
<testsuite skipped="0" hostname="9FNHHG3" name="com.n26.functional.store.CreateOrder" tests="1" failures="0" timestamp="2022-06-17T18:31:54 IST" time="0.081" errors="0">
  <testcase name="testCreatePlacedPetOrder" time="0.081" classname="com.n26.functional.store.CreateOrder"/>
</testsuite> <!-- com.n26.functional.store.CreateOrder -->
