<?xml version="1.0" encoding="UTF-8"?>
<!-- Generated by org.testng.reporters.JUnitReportReporter -->
<testsuite skipped="0" hostname="9FNHHG3" name="com.n26.functional.user.LoginLogout" tests="2" failures="0" timestamp="2022-06-17T18:31:54 IST" time="0.057" errors="0">
  <testcase name="testUserLogin" time="0.049" classname="com.n26.functional.user.LoginLogout"/>
  <testcase name="testUserLogout" time="0.008" classname="com.n26.functional.user.LoginLogout"/>
</testsuite> <!-- com.n26.functional.user.LoginLogout -->
