<?xml version="1.0" encoding="UTF-8"?>
<!-- Generated by org.testng.reporters.JUnitReportReporter -->
<testsuite skipped="0" hostname="9FNHHG3" name="com.n26.functional.pets.FindPetByStatus" tests="4" failures="0" timestamp="2022-06-17T13:19:53 IST" time="0.126" errors="0">
  <testcase name="testGetPetByAvailableStatus" time="0.050" classname="com.n26.functional.pets.FindPetByStatus"/>
  <testcase name="testValidPetByPendingStatus" time="0.031" classname="com.n26.functional.pets.FindPetByStatus"/>
  <testcase name="testValidPetBySoldStatus" time="0.028" classname="com.n26.functional.pets.FindPetByStatus"/>
  <testcase name="testGetPetByInvalidStatus" time="0.017" classname="com.n26.functional.pets.FindPetByStatus"/>
</testsuite> <!-- com.n26.functional.pets.FindPetByStatus -->
