<?xml version="1.0" encoding="UTF-8"?>
<!-- Generated by org.testng.reporters.JUnitReportReporter -->
<testsuite skipped="0" hostname="9FNHHG3" name="com.n26.functional.user.UserCreation" tests="2" failures="0" timestamp="2022-06-17T13:19:53 IST" time="0.095" errors="0">
  <testcase name="testSingleUserCreation" time="0.039" classname="com.n26.functional.user.UserCreation"/>
  <testcase name="testMultipleUserCreation" time="0.056" classname="com.n26.functional.user.UserCreation"/>
</testsuite> <!-- com.n26.functional.user.UserCreation -->
