<?xml version="1.0" encoding="UTF-8"?>
<!-- Generated by org.testng.reporters.JUnitReportReporter -->
<testsuite skipped="0" hostname="9FNHHG3" name="com.n26.functional.user.UpdateUser" tests="2" failures="0" timestamp="2022-06-16T13:24:24 IST" time="0.086" errors="0">
  <testcase name="testSingleUserCreation" time="0.077" classname="com.n26.functional.user.UpdateUser"/>
  <testcase name="testUpdateUserWIthInvalidUserName" time="0.009" classname="com.n26.functional.user.UpdateUser"/>
</testsuite> <!-- com.n26.functional.user.UpdateUser -->
