<?xml version="1.0" encoding="UTF-8"?>
<!-- Generated by org.testng.reporters.JUnitReportReporter -->
<testsuite skipped="0" hostname="9FNHHG3" name="com.n26.functional.user.UserCreation" tests="2" failures="0" timestamp="2022-06-16T13:24:24 IST" time="0.081" errors="0">
  <testcase name="testSingleUserCreation" time="0.034" classname="com.n26.functional.user.UserCreation"/>
  <testcase name="testMultipleUserCreation" time="0.047" classname="com.n26.functional.user.UserCreation"/>
</testsuite> <!-- com.n26.functional.user.UserCreation -->
