<?xml version="1.0" encoding="UTF-8"?>
<!-- Generated by org.testng.reporters.JUnitReportReporter -->
<testsuite skipped="0" hostname="9FNHHG3" name="com.n26.functional.store.GetOrder" tests="1" failures="0" timestamp="2022-06-17T18:31:12 IST" time="0.031" errors="0">
  <testcase name="testGetOrderByInvalidId" time="0.031" classname="com.n26.functional.store.GetOrder"/>
</testsuite> <!-- com.n26.functional.store.GetOrder -->
