<?xml version="1.0" encoding="UTF-8"?>
<!-- Generated by org.testng.reporters.JUnitReportReporter -->
<testsuite skipped="0" hostname="9FNHHG3" name="com.n26.functional.user.UpdateUser" tests="2" failures="0" timestamp="2022-06-17T13:19:53 IST" time="0.103" errors="0">
  <testcase name="testUpdateUserWithValidName" time="0.095" classname="com.n26.functional.user.UpdateUser"/>
  <testcase name="testUpdateUserWIthInvalidUserName" time="0.008" classname="com.n26.functional.user.UpdateUser"/>
</testsuite> <!-- com.n26.functional.user.UpdateUser -->
