<?xml version="1.0" encoding="UTF-8"?>
<!-- Generated by org.testng.reporters.JUnitReportReporter -->
<testsuite skipped="0" hostname="9FNHHG3" name="com.n26.functional.pets.FindPetByStatus" tests="1" failures="0" timestamp="2022-06-17T18:31:54 IST" time="0.056" errors="0">
  <testcase name="testGetPetByAvailableStatus" time="0.056" classname="com.n26.functional.pets.FindPetByStatus"/>
</testsuite> <!-- com.n26.functional.pets.FindPetByStatus -->
