<?xml version="1.0" encoding="UTF-8"?>
<!-- Generated by org.testng.reporters.JUnitReportReporter -->
<testsuite skipped="0" hostname="9FNHHG3" name="com.n26.functional.pets.FindByTags" tests="2" failures="0" timestamp="2022-06-17T13:19:53 IST" time="0.142" errors="0">
  <testcase name="testGetPetByValidTag" time="0.091" classname="com.n26.functional.pets.FindByTags"/>
  <testcase name="tesGetPetByInvalidTags" time="0.051" classname="com.n26.functional.pets.FindByTags"/>
</testsuite> <!-- com.n26.functional.pets.FindByTags -->
