<?xml version="1.0" encoding="UTF-8"?>
<!-- Generated by org.testng.reporters.JUnitReportReporter -->
<testsuite skipped="0" hostname="9FNHHG3" name="com.n26.functional.pets.UpdateAndGetPetById" tests="2" failures="0" timestamp="2022-06-17T17:39:38 IST" time="0.134" errors="0">
  <testcase name="testUpdatePetById" time="0.081" classname="com.n26.functional.pets.UpdateAndGetPetById"/>
  <testcase name="testUpdatePetByInvaidId" time="0.053" classname="com.n26.functional.pets.UpdateAndGetPetById"/>
</testsuite> <!-- com.n26.functional.pets.UpdateAndGetPetById -->
