<?xml version="1.0" encoding="UTF-8"?>
<!-- Generated by org.testng.reporters.JUnitReportReporter -->
<testsuite skipped="0" hostname="9FNHHG3" name="com.n26.functional.pets.UpdateAndGetPetById" tests="2" failures="0" timestamp="2022-06-17T13:19:53 IST" time="0.179" errors="0">
  <testcase name="testUpdatePetByInvaidId" time="0.059" classname="com.n26.functional.pets.UpdateAndGetPetById"/>
  <testcase name="testUpdatePetById" time="0.120" classname="com.n26.functional.pets.UpdateAndGetPetById"/>
</testsuite> <!-- com.n26.functional.pets.UpdateAndGetPetById -->
